# JRE version: OpenJDK Runtime Environment (8.0_242-b01) (build 1.8.0_242-release-1644-b01)
# Java VM: OpenJDK 64-Bit Server VM (25.242-b01 mixed mode windows-amd64 compressed oops)
Heap:
 PSYoungGen      total 131584K, used 53897K [0x00000000d5580000, 0x00000000de300000, 0x0000000100000000)
  eden space 119296K, 37% used [0x00000000d5580000,0x00000000d81a0678,0x00000000dca00000)
  from space 12288K, 70% used [0x00000000dd700000,0x00000000ddf81fb0,0x00000000de300000)
  to   space 12800K, 46% used [0x00000000dca00000,0x00000000dcfcc010,0x00000000dd680000)
 ParOldGen       total 51200K, used 7021K [0x0000000080000000, 0x0000000083200000, 0x00000000d5580000)
  object space 51200K, 13% used [0x0000000080000000,0x00000000806db7d8,0x0000000083200000)
 Metaspace       used 34577K, capacity 35398K, committed 35496K, reserved 1079296K
  class space    used 4743K, capacity 4970K, committed 5040K, reserved 1048576K
GC Heap History (10 events):
Event: 10.916 GC heap after
Heap after GC invocations=5 (full 0):
 PSYoungGen      total 69632K, used 5104K [0x00000000d5580000, 0x00000000dad80000, 0x0000000100000000)
  eden space 64512K, 0% used [0x00000000d5580000,0x00000000d5580000,0x00000000d9480000)
  from space 5120K, 99% used [0x00000000d9680000,0x00000000d9b7c060,0x00000000d9b80000)
  to   space 12800K, 0% used [0x00000000da100000,0x00000000da100000,0x00000000dad80000)
 ParOldGen       total 87552K, used 10267K [0x0000000080000000, 0x0000000085580000, 0x00000000d5580000)
  object space 87552K, 11% used [0x0000000080000000,0x0000000080a06c48,0x0000000085580000)
 Metaspace       used 20539K, capacity 21164K, committed 21296K, reserved 1067008K
  class space    used 2870K, capacity 3084K, committed 3120K, reserved 1048576K
}
Event: 10.980 GC heap before
{Heap before GC invocations=6 (full 0):
 PSYoungGen      total 69632K, used 8140K [0x00000000d5580000, 0x00000000dad80000, 0x0000000100000000)
  eden space 64512K, 4% used [0x00000000d5580000,0x00000000d58771e0,0x00000000d9480000)
  from space 5120K, 99% used [0x00000000d9680000,0x00000000d9b7c060,0x00000000d9b80000)
  to   space 12800K, 0% used [0x00000000da100000,0x00000000da100000,0x00000000dad80000)
 ParOldGen       total 87552K, used 10267K [0x0000000080000000, 0x0000000085580000, 0x00000000d5580000)
  object space 87552K, 11% used [0x0000000080000000,0x0000000080a06c48,0x0000000085580000)
 Metaspace       used 20650K, capacity 21228K, committed 21296K, reserved 1067008K
  class space    used 2886K, capacity 3084K, committed 3120K, reserved 1048576K
Event: 10.990 GC heap after
Heap after GC invocations=6 (full 0):
 PSYoungGen      total 77824K, used 5248K [0x00000000d5580000, 0x00000000deb80000, 0x0000000100000000)
  eden space 65024K, 0% used [0x00000000d5580000,0x00000000d5580000,0x00000000d9500000)
  from space 12800K, 41% used [0x00000000da100000,0x00000000da620030,0x00000000dad80000)
  to   space 12288K, 0% used [0x00000000d9500000,0x00000000d9500000,0x00000000da100000)
 ParOldGen       total 87552K, used 10267K [0x0000000080000000, 0x0000000085580000, 0x00000000d5580000)
  object space 87552K, 11% used [0x0000000080000000,0x0000000080a06c48,0x0000000085580000)
 Metaspace       used 20650K, capacity 21228K, committed 21296K, reserved 1067008K
  class space    used 2886K, capacity 3084K, committed 3120K, reserved 1048576K
}
Event: 10.990 GC heap before
{Heap before GC invocations=7 (full 1):
 PSYoungGen      total 77824K, used 5248K [0x00000000d5580000, 0x00000000deb80000, 0x0000000100000000)
  eden space 65024K, 0% used [0x00000000d5580000,0x00000000d5580000,0x00000000d9500000)
  from space 12800K, 41% used [0x00000000da100000,0x00000000da620030,0x00000000dad80000)
  to   space 12288K, 0% used [0x00000000d9500000,0x00000000d9500000,0x00000000da100000)
 ParOldGen       total 87552K, used 10267K [0x0000000080000000, 0x0000000085580000, 0x00000000d5580000)
  object space 87552K, 11% used [0x0000000080000000,0x0000000080a06c48,0x0000000085580000)
 Metaspace       used 20650K, capacity 21228K, committed 21296K, reserved 1067008K
  class space    used 2886K, capacity 3084K, committed 3120K, reserved 1048576K
Event: 11.052 GC heap after
Heap after GC invocations=7 (full 1):
 PSYoungGen      total 77824K, used 0K [0x00000000d5580000, 0x00000000deb80000, 0x0000000100000000)
  eden space 65024K, 0% used [0x00000000d5580000,0x00000000d5580000,0x00000000d9500000)
  from space 12800K, 0% used [0x00000000da100000,0x00000000da100000,0x00000000dad80000)
  to   space 12288K, 0% used [0x00000000d9500000,0x00000000d9500000,0x00000000da100000)
 ParOldGen       total 51200K, used 6997K [0x0000000080000000, 0x0000000083200000, 0x00000000d5580000)
  object space 51200K, 13% used [0x0000000080000000,0x00000000806d57d8,0x0000000083200000)
 Metaspace       used 20650K, capacity 21228K, committed 21296K, reserved 1067008K
  class space    used 2886K, capacity 3084K, committed 3120K, reserved 1048576K
}
Event: 13.060 GC heap before
{Heap before GC invocations=8 (full 1):
 PSYoungGen      total 77824K, used 64792K [0x00000000d5580000, 0x00000000deb80000, 0x0000000100000000)
  eden space 65024K, 99% used [0x00000000d5580000,0x00000000d94c6210,0x00000000d9500000)
  from space 12800K, 0% used [0x00000000da100000,0x00000000da100000,0x00000000dad80000)
  to   space 12288K, 0% used [0x00000000d9500000,0x00000000d9500000,0x00000000da100000)
 ParOldGen       total 51200K, used 6997K [0x0000000080000000, 0x0000000083200000, 0x00000000d5580000)
  object space 51200K, 13% used [0x0000000080000000,0x00000000806d57d8,0x0000000083200000)
 Metaspace       used 28287K, capacity 28980K, committed 29232K, reserved 1075200K
  class space    used 3899K, capacity 4127K, committed 4144K, reserved 1048576K
Event: 13.069 GC heap after
Heap after GC invocations=8 (full 1):
 PSYoungGen      total 77312K, used 8633K [0x00000000d5580000, 0x00000000de300000, 0x0000000100000000)
  eden space 65024K, 0% used [0x00000000d5580000,0x00000000d5580000,0x00000000d9500000)
  from space 12288K, 70% used [0x00000000d9500000,0x00000000d9d6e5a0,0x00000000da100000)
  to   space 12288K, 0% used [0x00000000dd700000,0x00000000dd700000,0x00000000de300000)
 ParOldGen       total 51200K, used 7005K [0x0000000080000000, 0x0000000083200000, 0x00000000d5580000)
  object space 51200K, 13% used [0x0000000080000000,0x00000000806d77d8,0x0000000083200000)
 Metaspace       used 28287K, capacity 28980K, committed 29232K, reserved 1075200K
  class space    used 3899K, capacity 4127K, committed 4144K, reserved 1048576K
}
Event: 14.436 GC heap before
{Heap before GC invocations=9 (full 1):
 PSYoungGen      total 77312K, used 73657K [0x00000000d5580000, 0x00000000de300000, 0x0000000100000000)
  eden space 65024K, 100% used [0x00000000d5580000,0x00000000d9500000,0x00000000d9500000)
  from space 12288K, 70% used [0x00000000d9500000,0x00000000d9d6e5a0,0x00000000da100000)
  to   space 12288K, 0% used [0x00000000dd700000,0x00000000dd700000,0x00000000de300000)
 ParOldGen       total 51200K, used 7005K [0x0000000080000000, 0x0000000083200000, 0x00000000d5580000)
  object space 51200K, 13% used [0x0000000080000000,0x00000000806d77d8,0x0000000083200000)
 Metaspace       used 32499K, capacity 33312K, committed 33456K, reserved 1077248K
  class space    used 4440K, capacity 4673K, committed 4784K, reserved 1048576K
Event: 14.465 GC heap after
Heap after GC invocations=9 (full 1):
 PSYoungGen      total 131584K, used 8711K [0x00000000d5580000, 0x00000000de300000, 0x0000000100000000)
  eden space 119296K, 0% used [0x00000000d5580000,0x00000000d5580000,0x00000000dca00000)
  from space 12288K, 70% used [0x00000000dd700000,0x00000000ddf81fb0,0x00000000de300000)
  to   space 12800K, 0% used [0x00000000dca00000,0x00000000dca00000,0x00000000dd680000)
 ParOldGen       total 51200K, used 7013K [0x0000000080000000, 0x0000000083200000, 0x00000000d5580000)
  object space 51200K, 13% used [0x0000000080000000,0x00000000806d97d8,0x0000000083200000)
 Metaspace       used 32499K, capacity 33312K, committed 33456K, reserved 1077248K
  class space    used 4440K, capacity 4673K, committed 4784K, reserved 1048576K
}
Event: 15.247 GC heap before
{Heap before GC invocations=10 (full 1):
 PSYoungGen      total 131584K, used 53897K [0x00000000d5580000, 0x00000000de300000, 0x0000000100000000)
  eden space 119296K, 37% used [0x00000000d5580000,0x00000000d81a0678,0x00000000dca00000)
  from space 12288K, 70% used [0x00000000dd700000,0x00000000ddf81fb0,0x00000000de300000)
  to   space 12800K, 0% used [0x00000000dca00000,0x00000000dca00000,0x00000000dd680000)
 ParOldGen       total 51200K, used 7013K [0x0000000080000000, 0x0000000083200000, 0x00000000d5580000)
  object space 51200K, 13% used [0x0000000080000000,0x00000000806d97d8,0x0000000083200000)
 Metaspace       used 34577K, capacity 35398K, committed 35496K, reserved 1079296K
  class space    used 4743K, capacity 4970K, committed 5040K, reserved 1048576K

